[13:06:28] [ServerMain/INFO]: Environment: Environment[sessionHost=https://sessionserver.mojang.com, servicesHost=https://api.minecraftservices.com, name=PROD]
[13:06:32] [ServerMain/INFO]: Loaded 1370 recipes
[13:06:32] [ServerMain/INFO]: Loaded 1481 advancements
[13:06:32] [Server thread/INFO]: Starting minecraft server version 1.21.4
[13:06:32] [Server thread/INFO]: Loading properties
[13:06:32] [Server thread/INFO]: Default game type: SURVIVAL
[13:06:32] [Server thread/INFO]: Generating keypair
[13:06:32] [Server thread/INFO]: Starting Minecraft server on *:25565
[13:06:32] [Server thread/INFO]: Using epoll channel type
[13:06:32] [Server thread/WARN]: **** SERVER IS RUNNING IN OFFLINE/INSECURE MODE!
[13:06:32] [Server thread/WARN]: The server will make no attempt to authenticate usernames. Beware.
[13:06:32] [Server thread/WARN]: While this makes the game possible to play without internet access, it also opens up the ability for hackers to connect with any username they choose.
[13:06:32] [Server thread/WARN]: To change this, set "online-mode" to "true" in the server.properties file.
[13:06:32] [Server thread/INFO]: Preparing level "world"
[13:06:33] [Server thread/INFO]: Preparing start region for dimension minecraft:overworld
[13:06:41] [Worker-Main-1/INFO]: Preparing spawn area: 0%
[13:06:41] [Worker-Main-1/INFO]: Preparing spawn area: 0%
[13:06:41] [Worker-Main-1/INFO]: Preparing spawn area: 0%
[13:06:41] [Worker-Main-1/INFO]: Preparing spawn area: 0%
[13:06:41] [Worker-Main-1/INFO]: Preparing spawn area: 0%
[13:06:41] [Worker-Main-1/INFO]: Preparing spawn area: 0%
[13:06:41] [Worker-Main-1/INFO]: Preparing spawn area: 0%
[13:06:41] [Worker-Main-1/INFO]: Preparing spawn area: 0%
[13:06:41] [Worker-Main-1/INFO]: Preparing spawn area: 0%
[13:06:41] [Worker-Main-1/INFO]: Preparing spawn area: 0%
[13:06:41] [Worker-Main-1/INFO]: Preparing spawn area: 0%
[13:06:41] [Worker-Main-1/INFO]: Preparing spawn area: 0%
[13:06:41] [Worker-Main-1/INFO]: Preparing spawn area: 0%
[13:06:41] [Worker-Main-1/INFO]: Preparing spawn area: 0%
[13:06:41] [Worker-Main-1/INFO]: Preparing spawn area: 0%
[13:06:41] [Worker-Main-1/INFO]: Preparing spawn area: 0%
[13:06:41] [Worker-Main-1/INFO]: Preparing spawn area: 0%
[13:06:41] [Server thread/INFO]: Time elapsed: 8116 ms
[13:06:41] [Server thread/INFO]: Done (8.547s)! For help, type "help"
[13:07:41] [Server thread/INFO]: Server empty for 60 seconds, pausing
[13:18:10] [Netty Epoll Server IO #2/ERROR]: Error sending packet clientbound/minecraft:disconnect
io.netty.handler.codec.EncoderException: Sending unknown packet 'clientbound/minecraft:disconnect'
	at ym.a(SourceFile:47) ~[server-1.21.4.jar:?]
	at ym.encode(SourceFile:14) ~[server-1.21.4.jar:?]
	at vu.a(SourceFile:26) ~[server-1.21.4.jar:?]
	at vu.encode(SourceFile:12) ~[server-1.21.4.jar:?]
	at io.netty.handler.codec.MessageToByteEncoder.write(MessageToByteEncoder.java:107) ~[netty-codec-4.1.115.Final.jar:4.1.115.Final]
	at io.netty.channel.AbstractChannelHandlerContext.invokeWrite0(AbstractChannelHandlerContext.java:893) ~[netty-transport-4.1.115.Final.jar:4.1.115.Final]
	at io.netty.channel.AbstractChannelHandlerContext.invokeWrite(AbstractChannelHandlerContext.java:875) ~[netty-transport-4.1.115.Final.jar:4.1.115.Final]
	at io.netty.channel.AbstractChannelHandlerContext.write(AbstractChannelHandlerContext.java:984) ~[netty-transport-4.1.115.Final.jar:4.1.115.Final]
	at io.netty.channel.AbstractChannelHandlerContext.write(AbstractChannelHandlerContext.java:868) ~[netty-transport-4.1.115.Final.jar:4.1.115.Final]
	at io.netty.channel.ChannelOutboundHandlerAdapter.write(ChannelOutboundHandlerAdapter.java:113) ~[netty-transport-4.1.115.Final.jar:4.1.115.Final]
	at vi$2.write(SourceFile:530) ~[server-1.21.4.jar:?]
	at io.netty.channel.AbstractChannelHandlerContext.invokeWrite0(AbstractChannelHandlerContext.java:893) ~[netty-transport-4.1.115.Final.jar:4.1.115.Final]
	at io.netty.channel.AbstractChannelHandlerContext.invokeWriteAndFlush(AbstractChannelHandlerContext.java:956) ~[netty-transport-4.1.115.Final.jar:4.1.115.Final]
	at io.netty.channel.AbstractChannelHandlerContext.write(AbstractChannelHandlerContext.java:982) ~[netty-transport-4.1.115.Final.jar:4.1.115.Final]
	at io.netty.channel.AbstractChannelHandlerContext.writeAndFlush(AbstractChannelHandlerContext.java:950) ~[netty-transport-4.1.115.Final.jar:4.1.115.Final]
	at io.netty.channel.AbstractChannelHandlerContext.writeAndFlush(AbstractChannelHandlerContext.java:1000) ~[netty-transport-4.1.115.Final.jar:4.1.115.Final]
	at io.netty.channel.DefaultChannelPipeline.writeAndFlush(DefaultChannelPipeline.java:974) ~[netty-transport-4.1.115.Final.jar:4.1.115.Final]
	at io.netty.channel.AbstractChannel.writeAndFlush(AbstractChannel.java:305) ~[netty-transport-4.1.115.Final.jar:4.1.115.Final]
	at vi.c(SourceFile:350) ~[server-1.21.4.jar:?]
	at vi.b(SourceFile:343) ~[server-1.21.4.jar:?]
	at vi.a(SourceFile:325) ~[server-1.21.4.jar:?]
	at vi.a(SourceFile:319) ~[server-1.21.4.jar:?]
	at vi.exceptionCaught(SourceFile:170) ~[server-1.21.4.jar:?]
	at io.netty.channel.AbstractChannelHandlerContext.invokeExceptionCaught(AbstractChannelHandlerContext.java:346) ~[netty-transport-4.1.115.Final.jar:4.1.115.Final]
	at io.netty.channel.AbstractChannelHandlerContext.invokeExceptionCaught(AbstractChannelHandlerContext.java:325) ~[netty-transport-4.1.115.Final.jar:4.1.115.Final]
	at io.netty.channel.AbstractChannelHandlerContext.fireExceptionCaught(AbstractChannelHandlerContext.java:317) ~[netty-transport-4.1.115.Final.jar:4.1.115.Final]
	at io.netty.channel.ChannelInboundHandlerAdapter.exceptionCaught(ChannelInboundHandlerAdapter.java:143) ~[netty-transport-4.1.115.Final.jar:4.1.115.Final]
	at io.netty.channel.AbstractChannelHandlerContext.invokeExceptionCaught(AbstractChannelHandlerContext.java:346) ~[netty-transport-4.1.115.Final.jar:4.1.115.Final]
	at io.netty.channel.AbstractChannelHandlerContext.invokeChannelRead(AbstractChannelHandlerContext.java:447) ~[netty-transport-4.1.115.Final.jar:4.1.115.Final]
	at io.netty.channel.AbstractChannelHandlerContext.invokeChannelRead(AbstractChannelHandlerContext.java:420) ~[netty-transport-4.1.115.Final.jar:4.1.115.Final]
	at io.netty.channel.AbstractChannelHandlerContext.fireChannelRead(AbstractChannelHandlerContext.java:412) ~[netty-transport-4.1.115.Final.jar:4.1.115.Final]
	at io.netty.handler.flow.FlowControlHandler.dequeue(FlowControlHandler.java:202) ~[netty-handler-4.1.115.Final.jar:4.1.115.Final]
	at io.netty.handler.flow.FlowControlHandler.channelRead(FlowControlHandler.java:164) ~[netty-handler-4.1.115.Final.jar:4.1.115.Final]
	at io.netty.channel.AbstractChannelHandlerContext.invokeChannelRead(AbstractChannelHandlerContext.java:442) ~[netty-transport-4.1.115.Final.jar:4.1.115.Final]
	at io.netty.channel.AbstractChannelHandlerContext.invokeChannelRead(AbstractChannelHandlerContext.java:420) ~[netty-transport-4.1.115.Final.jar:4.1.115.Final]
	at io.netty.channel.AbstractChannelHandlerContext.fireChannelRead(AbstractChannelHandlerContext.java:412) ~[netty-transport-4.1.115.Final.jar:4.1.115.Final]
	at io.netty.handler.codec.ByteToMessageDecoder.fireChannelRead(ByteToMessageDecoder.java:346) ~[netty-codec-4.1.115.Final.jar:4.1.115.Final]
	at io.netty.handler.codec.ByteToMessageDecoder.fireChannelRead(ByteToMessageDecoder.java:333) ~[netty-codec-4.1.115.Final.jar:4.1.115.Final]
	at io.netty.handler.codec.ByteToMessageDecoder.callDecode(ByteToMessageDecoder.java:455) ~[netty-codec-4.1.115.Final.jar:4.1.115.Final]
	at io.netty.handler.codec.ByteToMessageDecoder.channelRead(ByteToMessageDecoder.java:290) ~[netty-codec-4.1.115.Final.jar:4.1.115.Final]
	at io.netty.channel.AbstractChannelHandlerContext.invokeChannelRead(AbstractChannelHandlerContext.java:444) ~[netty-transport-4.1.115.Final.jar:4.1.115.Final]
	at io.netty.channel.AbstractChannelHandlerContext.invokeChannelRead(AbstractChannelHandlerContext.java:420) ~[netty-transport-4.1.115.Final.jar:4.1.115.Final]
	at io.netty.channel.AbstractChannelHandlerContext.fireChannelRead(AbstractChannelHandlerContext.java:412) ~[netty-transport-4.1.115.Final.jar:4.1.115.Final]
	at io.netty.handler.timeout.IdleStateHandler.channelRead(IdleStateHandler.java:289) ~[netty-handler-4.1.115.Final.jar:4.1.115.Final]
	at io.netty.channel.AbstractChannelHandlerContext.invokeChannelRead(AbstractChannelHandlerContext.java:442) ~[netty-transport-4.1.115.Final.jar:4.1.115.Final]
	at io.netty.channel.AbstractChannelHandlerContext.invokeChannelRead(AbstractChannelHandlerContext.java:420) ~[netty-transport-4.1.115.Final.jar:4.1.115.Final]
	at io.netty.channel.AbstractChannelHandlerContext.fireChannelRead(AbstractChannelHandlerContext.java:412) ~[netty-transport-4.1.115.Final.jar:4.1.115.Final]
	at io.netty.channel.DefaultChannelPipeline$HeadContext.channelRead(DefaultChannelPipeline.java:1357) ~[netty-transport-4.1.115.Final.jar:4.1.115.Final]
	at io.netty.channel.AbstractChannelHandlerContext.invokeChannelRead(AbstractChannelHandlerContext.java:440) ~[netty-transport-4.1.115.Final.jar:4.1.115.Final]
	at io.netty.channel.AbstractChannelHandlerContext.invokeChannelRead(AbstractChannelHandlerContext.java:420) ~[netty-transport-4.1.115.Final.jar:4.1.115.Final]
	at io.netty.channel.DefaultChannelPipeline.fireChannelRead(DefaultChannelPipeline.java:868) ~[netty-transport-4.1.115.Final.jar:4.1.115.Final]
	at io.netty.channel.epoll.AbstractEpollStreamChannel$EpollStreamUnsafe.epollInReady(AbstractEpollStreamChannel.java:799) ~[netty-transport-classes-epoll-4.1.115.Final.jar:4.1.115.Final]
	at io.netty.channel.epoll.EpollEventLoop.processReady(EpollEventLoop.java:501) ~[netty-transport-classes-epoll-4.1.115.Final.jar:4.1.115.Final]
	at io.netty.channel.epoll.EpollEventLoop.run(EpollEventLoop.java:399) ~[netty-transport-classes-epoll-4.1.115.Final.jar:4.1.115.Final]
	at io.netty.util.concurrent.SingleThreadEventExecutor$4.run(SingleThreadEventExecutor.java:997) ~[netty-common-4.1.115.Final.jar:4.1.115.Final]
	at io.netty.util.internal.ThreadExecutorMap$2.run(ThreadExecutorMap.java:74) ~[netty-common-4.1.115.Final.jar:4.1.115.Final]
	at java.base/java.lang.Thread.run(Thread.java:1583) [?:?]
[13:18:53] [Netty Epoll Server IO #1/ERROR]: Error sending packet clientbound/minecraft:disconnect
io.netty.handler.codec.EncoderException: Sending unknown packet 'clientbound/minecraft:disconnect'
	at ym.a(SourceFile:47) ~[server-1.21.4.jar:?]
	at ym.encode(SourceFile:14) ~[server-1.21.4.jar:?]
	at vu.a(SourceFile:26) ~[server-1.21.4.jar:?]
	at vu.encode(SourceFile:12) ~[server-1.21.4.jar:?]
	at io.netty.handler.codec.MessageToByteEncoder.write(MessageToByteEncoder.java:107) ~[netty-codec-4.1.115.Final.jar:4.1.115.Final]
	at io.netty.channel.AbstractChannelHandlerContext.invokeWrite0(AbstractChannelHandlerContext.java:893) ~[netty-transport-4.1.115.Final.jar:4.1.115.Final]
	at io.netty.channel.AbstractChannelHandlerContext.invokeWrite(AbstractChannelHandlerContext.java:875) ~[netty-transport-4.1.115.Final.jar:4.1.115.Final]
	at io.netty.channel.AbstractChannelHandlerContext.write(AbstractChannelHandlerContext.java:984) ~[netty-transport-4.1.115.Final.jar:4.1.115.Final]
	at io.netty.channel.AbstractChannelHandlerContext.write(AbstractChannelHandlerContext.java:868) ~[netty-transport-4.1.115.Final.jar:4.1.115.Final]
	at io.netty.channel.ChannelOutboundHandlerAdapter.write(ChannelOutboundHandlerAdapter.java:113) ~[netty-transport-4.1.115.Final.jar:4.1.115.Final]
	at vi$2.write(SourceFile:530) ~[server-1.21.4.jar:?]
	at io.netty.channel.AbstractChannelHandlerContext.invokeWrite0(AbstractChannelHandlerContext.java:893) ~[netty-transport-4.1.115.Final.jar:4.1.115.Final]
	at io.netty.channel.AbstractChannelHandlerContext.invokeWriteAndFlush(AbstractChannelHandlerContext.java:956) ~[netty-transport-4.1.115.Final.jar:4.1.115.Final]
	at io.netty.channel.AbstractChannelHandlerContext.write(AbstractChannelHandlerContext.java:982) ~[netty-transport-4.1.115.Final.jar:4.1.115.Final]
	at io.netty.channel.AbstractChannelHandlerContext.writeAndFlush(AbstractChannelHandlerContext.java:950) ~[netty-transport-4.1.115.Final.jar:4.1.115.Final]
	at io.netty.channel.AbstractChannelHandlerContext.writeAndFlush(AbstractChannelHandlerContext.java:1000) ~[netty-transport-4.1.115.Final.jar:4.1.115.Final]
	at io.netty.channel.DefaultChannelPipeline.writeAndFlush(DefaultChannelPipeline.java:974) ~[netty-transport-4.1.115.Final.jar:4.1.115.Final]
	at io.netty.channel.AbstractChannel.writeAndFlush(AbstractChannel.java:305) ~[netty-transport-4.1.115.Final.jar:4.1.115.Final]
	at vi.c(SourceFile:350) ~[server-1.21.4.jar:?]
	at vi.b(SourceFile:343) ~[server-1.21.4.jar:?]
	at vi.a(SourceFile:325) ~[server-1.21.4.jar:?]
	at vi.a(SourceFile:319) ~[server-1.21.4.jar:?]
	at vi.exceptionCaught(SourceFile:170) ~[server-1.21.4.jar:?]
	at io.netty.channel.AbstractChannelHandlerContext.invokeExceptionCaught(AbstractChannelHandlerContext.java:346) ~[netty-transport-4.1.115.Final.jar:4.1.115.Final]
	at io.netty.channel.AbstractChannelHandlerContext.invokeExceptionCaught(AbstractChannelHandlerContext.java:325) ~[netty-transport-4.1.115.Final.jar:4.1.115.Final]
	at io.netty.channel.AbstractChannelHandlerContext.fireExceptionCaught(AbstractChannelHandlerContext.java:317) ~[netty-transport-4.1.115.Final.jar:4.1.115.Final]
	at io.netty.channel.ChannelInboundHandlerAdapter.exceptionCaught(ChannelInboundHandlerAdapter.java:143) ~[netty-transport-4.1.115.Final.jar:4.1.115.Final]
	at io.netty.channel.AbstractChannelHandlerContext.invokeExceptionCaught(AbstractChannelHandlerContext.java:346) ~[netty-transport-4.1.115.Final.jar:4.1.115.Final]
	at io.netty.channel.AbstractChannelHandlerContext.invokeChannelRead(AbstractChannelHandlerContext.java:447) ~[netty-transport-4.1.115.Final.jar:4.1.115.Final]
	at io.netty.channel.AbstractChannelHandlerContext.invokeChannelRead(AbstractChannelHandlerContext.java:420) ~[netty-transport-4.1.115.Final.jar:4.1.115.Final]
	at io.netty.channel.AbstractChannelHandlerContext.fireChannelRead(AbstractChannelHandlerContext.java:412) ~[netty-transport-4.1.115.Final.jar:4.1.115.Final]
	at io.netty.handler.flow.FlowControlHandler.dequeue(FlowControlHandler.java:202) ~[netty-handler-4.1.115.Final.jar:4.1.115.Final]
	at io.netty.handler.flow.FlowControlHandler.channelRead(FlowControlHandler.java:164) ~[netty-handler-4.1.115.Final.jar:4.1.115.Final]
	at io.netty.channel.AbstractChannelHandlerContext.invokeChannelRead(AbstractChannelHandlerContext.java:442) ~[netty-transport-4.1.115.Final.jar:4.1.115.Final]
	at io.netty.channel.AbstractChannelHandlerContext.invokeChannelRead(AbstractChannelHandlerContext.java:420) ~[netty-transport-4.1.115.Final.jar:4.1.115.Final]
	at io.netty.channel.AbstractChannelHandlerContext.fireChannelRead(AbstractChannelHandlerContext.java:412) ~[netty-transport-4.1.115.Final.jar:4.1.115.Final]
	at io.netty.handler.codec.ByteToMessageDecoder.fireChannelRead(ByteToMessageDecoder.java:346) ~[netty-codec-4.1.115.Final.jar:4.1.115.Final]
	at io.netty.handler.codec.ByteToMessageDecoder.fireChannelRead(ByteToMessageDecoder.java:333) ~[netty-codec-4.1.115.Final.jar:4.1.115.Final]
	at io.netty.handler.codec.ByteToMessageDecoder.callDecode(ByteToMessageDecoder.java:455) ~[netty-codec-4.1.115.Final.jar:4.1.115.Final]
	at io.netty.handler.codec.ByteToMessageDecoder.channelRead(ByteToMessageDecoder.java:290) ~[netty-codec-4.1.115.Final.jar:4.1.115.Final]
	at io.netty.channel.AbstractChannelHandlerContext.invokeChannelRead(AbstractChannelHandlerContext.java:444) ~[netty-transport-4.1.115.Final.jar:4.1.115.Final]
	at io.netty.channel.AbstractChannelHandlerContext.invokeChannelRead(AbstractChannelHandlerContext.java:420) ~[netty-transport-4.1.115.Final.jar:4.1.115.Final]
	at io.netty.channel.AbstractChannelHandlerContext.fireChannelRead(AbstractChannelHandlerContext.java:412) ~[netty-transport-4.1.115.Final.jar:4.1.115.Final]
	at io.netty.handler.timeout.IdleStateHandler.channelRead(IdleStateHandler.java:289) ~[netty-handler-4.1.115.Final.jar:4.1.115.Final]
	at io.netty.channel.AbstractChannelHandlerContext.invokeChannelRead(AbstractChannelHandlerContext.java:442) ~[netty-transport-4.1.115.Final.jar:4.1.115.Final]
	at io.netty.channel.AbstractChannelHandlerContext.invokeChannelRead(AbstractChannelHandlerContext.java:420) ~[netty-transport-4.1.115.Final.jar:4.1.115.Final]
	at io.netty.channel.AbstractChannelHandlerContext.fireChannelRead(AbstractChannelHandlerContext.java:412) ~[netty-transport-4.1.115.Final.jar:4.1.115.Final]
	at io.netty.channel.DefaultChannelPipeline$HeadContext.channelRead(DefaultChannelPipeline.java:1357) ~[netty-transport-4.1.115.Final.jar:4.1.115.Final]
	at io.netty.channel.AbstractChannelHandlerContext.invokeChannelRead(AbstractChannelHandlerContext.java:440) ~[netty-transport-4.1.115.Final.jar:4.1.115.Final]
	at io.netty.channel.AbstractChannelHandlerContext.invokeChannelRead(AbstractChannelHandlerContext.java:420) ~[netty-transport-4.1.115.Final.jar:4.1.115.Final]
	at io.netty.channel.DefaultChannelPipeline.fireChannelRead(DefaultChannelPipeline.java:868) ~[netty-transport-4.1.115.Final.jar:4.1.115.Final]
	at io.netty.channel.epoll.AbstractEpollStreamChannel$EpollStreamUnsafe.epollInReady(AbstractEpollStreamChannel.java:799) ~[netty-transport-classes-epoll-4.1.115.Final.jar:4.1.115.Final]
	at io.netty.channel.epoll.EpollEventLoop.processReady(EpollEventLoop.java:501) ~[netty-transport-classes-epoll-4.1.115.Final.jar:4.1.115.Final]
	at io.netty.channel.epoll.EpollEventLoop.run(EpollEventLoop.java:399) ~[netty-transport-classes-epoll-4.1.115.Final.jar:4.1.115.Final]
	at io.netty.util.concurrent.SingleThreadEventExecutor$4.run(SingleThreadEventExecutor.java:997) ~[netty-common-4.1.115.Final.jar:4.1.115.Final]
	at io.netty.util.internal.ThreadExecutorMap$2.run(ThreadExecutorMap.java:74) ~[netty-common-4.1.115.Final.jar:4.1.115.Final]
	at java.base/java.lang.Thread.run(Thread.java:1583) [?:?]
[13:21:54] [Netty Epoll Server IO #1/ERROR]: Error sending packet clientbound/minecraft:disconnect
io.netty.handler.codec.EncoderException: Sending unknown packet 'clientbound/minecraft:disconnect'
	at ym.a(SourceFile:47) ~[server-1.21.4.jar:?]
	at ym.encode(SourceFile:14) ~[server-1.21.4.jar:?]
	at vu.a(SourceFile:26) ~[server-1.21.4.jar:?]
	at vu.encode(SourceFile:12) ~[server-1.21.4.jar:?]
	at io.netty.handler.codec.MessageToByteEncoder.write(MessageToByteEncoder.java:107) ~[netty-codec-4.1.115.Final.jar:4.1.115.Final]
	at io.netty.channel.AbstractChannelHandlerContext.invokeWrite0(AbstractChannelHandlerContext.java:893) ~[netty-transport-4.1.115.Final.jar:4.1.115.Final]
	at io.netty.channel.AbstractChannelHandlerContext.invokeWrite(AbstractChannelHandlerContext.java:875) ~[netty-transport-4.1.115.Final.jar:4.1.115.Final]
	at io.netty.channel.AbstractChannelHandlerContext.write(AbstractChannelHandlerContext.java:984) ~[netty-transport-4.1.115.Final.jar:4.1.115.Final]
	at io.netty.channel.AbstractChannelHandlerContext.write(AbstractChannelHandlerContext.java:868) ~[netty-transport-4.1.115.Final.jar:4.1.115.Final]
	at io.netty.channel.ChannelOutboundHandlerAdapter.write(ChannelOutboundHandlerAdapter.java:113) ~[netty-transport-4.1.115.Final.jar:4.1.115.Final]
	at vi$2.write(SourceFile:530) ~[server-1.21.4.jar:?]
	at io.netty.channel.AbstractChannelHandlerContext.invokeWrite0(AbstractChannelHandlerContext.java:893) ~[netty-transport-4.1.115.Final.jar:4.1.115.Final]
	at io.netty.channel.AbstractChannelHandlerContext.invokeWriteAndFlush(AbstractChannelHandlerContext.java:956) ~[netty-transport-4.1.115.Final.jar:4.1.115.Final]
	at io.netty.channel.AbstractChannelHandlerContext.write(AbstractChannelHandlerContext.java:982) ~[netty-transport-4.1.115.Final.jar:4.1.115.Final]
	at io.netty.channel.AbstractChannelHandlerContext.writeAndFlush(AbstractChannelHandlerContext.java:950) ~[netty-transport-4.1.115.Final.jar:4.1.115.Final]
	at io.netty.channel.AbstractChannelHandlerContext.writeAndFlush(AbstractChannelHandlerContext.java:1000) ~[netty-transport-4.1.115.Final.jar:4.1.115.Final]
	at io.netty.channel.DefaultChannelPipeline.writeAndFlush(DefaultChannelPipeline.java:974) ~[netty-transport-4.1.115.Final.jar:4.1.115.Final]
	at io.netty.channel.AbstractChannel.writeAndFlush(AbstractChannel.java:305) ~[netty-transport-4.1.115.Final.jar:4.1.115.Final]
	at vi.c(SourceFile:350) ~[server-1.21.4.jar:?]
	at vi.b(SourceFile:343) ~[server-1.21.4.jar:?]
	at vi.a(SourceFile:325) ~[server-1.21.4.jar:?]
	at vi.a(SourceFile:319) ~[server-1.21.4.jar:?]
	at vi.exceptionCaught(SourceFile:170) ~[server-1.21.4.jar:?]
	at io.netty.channel.AbstractChannelHandlerContext.invokeExceptionCaught(AbstractChannelHandlerContext.java:346) ~[netty-transport-4.1.115.Final.jar:4.1.115.Final]
	at io.netty.channel.AbstractChannelHandlerContext.invokeExceptionCaught(AbstractChannelHandlerContext.java:325) ~[netty-transport-4.1.115.Final.jar:4.1.115.Final]
	at io.netty.channel.AbstractChannelHandlerContext.fireExceptionCaught(AbstractChannelHandlerContext.java:317) ~[netty-transport-4.1.115.Final.jar:4.1.115.Final]
	at io.netty.channel.ChannelInboundHandlerAdapter.exceptionCaught(ChannelInboundHandlerAdapter.java:143) ~[netty-transport-4.1.115.Final.jar:4.1.115.Final]
	at io.netty.channel.AbstractChannelHandlerContext.invokeExceptionCaught(AbstractChannelHandlerContext.java:346) ~[netty-transport-4.1.115.Final.jar:4.1.115.Final]
	at io.netty.channel.AbstractChannelHandlerContext.invokeChannelRead(AbstractChannelHandlerContext.java:447) ~[netty-transport-4.1.115.Final.jar:4.1.115.Final]
	at io.netty.channel.AbstractChannelHandlerContext.invokeChannelRead(AbstractChannelHandlerContext.java:420) ~[netty-transport-4.1.115.Final.jar:4.1.115.Final]
	at io.netty.channel.AbstractChannelHandlerContext.fireChannelRead(AbstractChannelHandlerContext.java:412) ~[netty-transport-4.1.115.Final.jar:4.1.115.Final]
	at io.netty.handler.flow.FlowControlHandler.dequeue(FlowControlHandler.java:202) ~[netty-handler-4.1.115.Final.jar:4.1.115.Final]
	at io.netty.handler.flow.FlowControlHandler.channelRead(FlowControlHandler.java:164) ~[netty-handler-4.1.115.Final.jar:4.1.115.Final]
	at io.netty.channel.AbstractChannelHandlerContext.invokeChannelRead(AbstractChannelHandlerContext.java:442) ~[netty-transport-4.1.115.Final.jar:4.1.115.Final]
	at io.netty.channel.AbstractChannelHandlerContext.invokeChannelRead(AbstractChannelHandlerContext.java:420) ~[netty-transport-4.1.115.Final.jar:4.1.115.Final]
	at io.netty.channel.AbstractChannelHandlerContext.fireChannelRead(AbstractChannelHandlerContext.java:412) ~[netty-transport-4.1.115.Final.jar:4.1.115.Final]
	at io.netty.handler.codec.ByteToMessageDecoder.fireChannelRead(ByteToMessageDecoder.java:346) ~[netty-codec-4.1.115.Final.jar:4.1.115.Final]
	at io.netty.handler.codec.ByteToMessageDecoder.fireChannelRead(ByteToMessageDecoder.java:333) ~[netty-codec-4.1.115.Final.jar:4.1.115.Final]
	at io.netty.handler.codec.ByteToMessageDecoder.callDecode(ByteToMessageDecoder.java:455) ~[netty-codec-4.1.115.Final.jar:4.1.115.Final]
	at io.netty.handler.codec.ByteToMessageDecoder.channelRead(ByteToMessageDecoder.java:290) ~[netty-codec-4.1.115.Final.jar:4.1.115.Final]
	at io.netty.channel.AbstractChannelHandlerContext.invokeChannelRead(AbstractChannelHandlerContext.java:444) ~[netty-transport-4.1.115.Final.jar:4.1.115.Final]
	at io.netty.channel.AbstractChannelHandlerContext.invokeChannelRead(AbstractChannelHandlerContext.java:420) ~[netty-transport-4.1.115.Final.jar:4.1.115.Final]
	at io.netty.channel.AbstractChannelHandlerContext.fireChannelRead(AbstractChannelHandlerContext.java:412) ~[netty-transport-4.1.115.Final.jar:4.1.115.Final]
	at io.netty.handler.timeout.IdleStateHandler.channelRead(IdleStateHandler.java:289) ~[netty-handler-4.1.115.Final.jar:4.1.115.Final]
	at io.netty.channel.AbstractChannelHandlerContext.invokeChannelRead(AbstractChannelHandlerContext.java:442) ~[netty-transport-4.1.115.Final.jar:4.1.115.Final]
	at io.netty.channel.AbstractChannelHandlerContext.invokeChannelRead(AbstractChannelHandlerContext.java:420) ~[netty-transport-4.1.115.Final.jar:4.1.115.Final]
	at io.netty.channel.AbstractChannelHandlerContext.fireChannelRead(AbstractChannelHandlerContext.java:412) ~[netty-transport-4.1.115.Final.jar:4.1.115.Final]
	at io.netty.channel.DefaultChannelPipeline$HeadContext.channelRead(DefaultChannelPipeline.java:1357) ~[netty-transport-4.1.115.Final.jar:4.1.115.Final]
	at io.netty.channel.AbstractChannelHandlerContext.invokeChannelRead(AbstractChannelHandlerContext.java:440) ~[netty-transport-4.1.115.Final.jar:4.1.115.Final]
	at io.netty.channel.AbstractChannelHandlerContext.invokeChannelRead(AbstractChannelHandlerContext.java:420) ~[netty-transport-4.1.115.Final.jar:4.1.115.Final]
	at io.netty.channel.DefaultChannelPipeline.fireChannelRead(DefaultChannelPipeline.java:868) ~[netty-transport-4.1.115.Final.jar:4.1.115.Final]
	at io.netty.channel.epoll.AbstractEpollStreamChannel$EpollStreamUnsafe.epollInReady(AbstractEpollStreamChannel.java:799) ~[netty-transport-classes-epoll-4.1.115.Final.jar:4.1.115.Final]
	at io.netty.channel.epoll.EpollEventLoop.processReady(EpollEventLoop.java:501) ~[netty-transport-classes-epoll-4.1.115.Final.jar:4.1.115.Final]
	at io.netty.channel.epoll.EpollEventLoop.run(EpollEventLoop.java:399) ~[netty-transport-classes-epoll-4.1.115.Final.jar:4.1.115.Final]
	at io.netty.util.concurrent.SingleThreadEventExecutor$4.run(SingleThreadEventExecutor.java:997) ~[netty-common-4.1.115.Final.jar:4.1.115.Final]
	at io.netty.util.internal.ThreadExecutorMap$2.run(ThreadExecutorMap.java:74) ~[netty-common-4.1.115.Final.jar:4.1.115.Final]
	at java.base/java.lang.Thread.run(Thread.java:1583) [?:?]
